<?xml version="1.0" encoding="UTF-8"?>
<!-- Generated by org.testng.reporters.JUnitXMLReporter -->
<testsuite hostname="Ramsai" ignored="0" name="Test" tests="4" failures="0" timestamp="2022-01-09T15:26:14 IST" time="0.08" errors="0">
  <testcase name="AndroidApps" time="0.009" classname="mrs1Maven.JavaMaven.AppiumTest"/>
  <testcase name="IosApps" time="0.0" classname="mrs1Maven.JavaMaven.AppiumTest"/>
  <testcase name="BrowserAutomation" time="0.001" classname="mrs1Maven.JavaMaven.SeleniumTest"/>
  <testcase name="Elementui" time="0.001" classname="mrs1Maven.JavaMaven.SeleniumTest"/>
</testsuite> <!-- Test -->
